<?xml version="1.0" encoding="UTF-8"?>
<testng-results skipped="0" failed="0" ignored="0" total="1" passed="1">
  <reporter-output>
    <line>
      <![CDATA[Frome abcd]]>
    </line>
    <line>
      <![CDATA[xyz]]>
    </line>
  </reporter-output>
  <suite name="Default suite" duration-ms="108" started-at="2019-10-16T08:40:54Z" finished-at="2019-10-16T08:40:54Z">
    <groups>
    </groups>
    <test name="Default test" duration-ms="108" started-at="2019-10-16T08:40:54Z" finished-at="2019-10-16T08:40:54Z">
      <class name="com.programe.Test1">
        <test-method status="PASS" signature="a()[pri:0, instance:com.programe.Test1@100fc185]" name="a" duration-ms="14" started-at="2019-10-16T08:40:54Z" finished-at="2019-10-16T08:40:54Z">
          <reporter-output>
            <line>
              <![CDATA[Frome abcd]]>
            </line>
            <line>
              <![CDATA[xyz]]>
            </line>
          </reporter-output>
        </test-method> <!-- a -->
      </class> <!-- com.programe.Test1 -->
    </test> <!-- Default test -->
  </suite> <!-- Default suite -->
</testng-results>
